<?xml version="1.0" encoding="UTF-8"?>
<testsuite xmlns:xsi="http://www.w3.org/2001/XMLSchema-instance" xsi:noNamespaceSchemaLocation="https://maven.apache.org/surefire/maven-surefire-plugin/xsd/surefire-test-report.xsd" name="SimpleLinkedListTest" time="0.048" tests="15" errors="0" skipped="0" failures="0">
  <properties>
[...]
</properties>
  <testcase name="testAddException" classname="SimpleLinkedListTest" time="0.004"/>
  <testcase name="testAdd" classname="SimpleLinkedListTest" time="0"/>
  <testcase name="testRemoveException1" classname="SimpleLinkedListTest" time="0"/>
  <testcase name="testAdd1" classname="SimpleLinkedListTest" time="0"/>
  <testcase name="testAdd2" classname="SimpleLinkedListTest" time="0"/>
  <testcase name="testRemoveException" classname="SimpleLinkedListTest" time="0"/>
  <testcase name="testAddException1" classname="SimpleLinkedListTest" time="0"/>
  <testcase name="testRemove1" classname="SimpleLinkedListTest" time="0"/>
  <testcase name="testRemove2" classname="SimpleLinkedListTest" time="0"/>
  <testcase name="testRemove3" classname="SimpleLinkedListTest" time="0"/>
  <testcase name="testIndexOf1" classname="SimpleLinkedListTest" time="0"/>
  <testcase name="testIndexOf2" classname="SimpleLinkedListTest" time="0"/>
  <testcase name="testIndexOf3" classname="SimpleLinkedListTest" time="0"/>
  <testcase name="testIndexOf" classname="SimpleLinkedListTest" time="0"/>
  <testcase name="testRemove" classname="SimpleLinkedListTest" time="0"/>
</testsuite>