<?xml version="1.0" encoding="UTF-8"?>
<testsuite xmlns:xsi="http://www.w3.org/2001/XMLSchema-instance" xsi:noNamespaceSchemaLocation="https://maven.apache.org/surefire/maven-surefire-plugin/xsd/surefire-test-report.xsd" name="JavaSimpleLinkedListTest" time="0.044" tests="14" errors="0" skipped="0" failures="5">
  <properties>
[...]
</properties>
  <testcase name="testAddException" classname="JavaSimpleLinkedListTest" time="0.002"/>
  <testcase name="testAdd" classname="JavaSimpleLinkedListTest" time="0.003">
    <failure message="expected:&lt;2&gt; but was:&lt;3&gt;" type="java.lang.AssertionError"><![CDATA[java.lang.AssertionError: expected:<2> but was:<3>
	at JavaSimpleLinkedListTest.testAdd(JavaSimpleLinkedListTest.java:19)
]]></failure>
  </testcase>
  <testcase name="testRemoveException1" classname="JavaSimpleLinkedListTest" time="0"/>
  <testcase name="testAdd1" classname="JavaSimpleLinkedListTest" time="0">
    <failure message="expected:&lt;1&gt; but was:&lt;2&gt;" type="java.lang.AssertionError"><![CDATA[java.lang.AssertionError: expected:<1> but was:<2>
	at JavaSimpleLinkedListTest.testAdd1(JavaSimpleLinkedListTest.java:31)
]]></failure>
  </testcase>
  <testcase name="testAdd2" classname="JavaSimpleLinkedListTest" time="0"/>
  <testcase name="testRemoveException" classname="JavaSimpleLinkedListTest" time="0"/>
  <testcase name="testAddException1" classname="JavaSimpleLinkedListTest" time="0.001"/>
  <testcase name="testRemove1" classname="JavaSimpleLinkedListTest" time="0"/>
  <testcase name="testRemove2" classname="JavaSimpleLinkedListTest" time="0"/>
  <testcase name="testIndexOf1" classname="JavaSimpleLinkedListTest" time="0">
    <failure message="expected:&lt;2&gt; but was:&lt;-1&gt;" type="java.lang.AssertionError"><![CDATA[java.lang.AssertionError: expected:<2> but was:<-1>
	at JavaSimpleLinkedListTest.testIndexOf1(JavaSimpleLinkedListTest.java:149)
]]></failure>
  </testcase>
  <testcase name="testIndexOf2" classname="JavaSimpleLinkedListTest" time="0.001">
    <failure message="expected:&lt;0&gt; but was:&lt;-1&gt;" type="java.lang.AssertionError"><![CDATA[java.lang.AssertionError: expected:<0> but was:<-1>
	at JavaSimpleLinkedListTest.testIndexOf2(JavaSimpleLinkedListTest.java:162)
]]></failure>
  </testcase>
  <testcase name="testIndexOf3" classname="JavaSimpleLinkedListTest" time="0">
    <failure message="expected:&lt;1&gt; but was:&lt;-1&gt;" type="java.lang.AssertionError"><![CDATA[java.lang.AssertionError: expected:<1> but was:<-1>
	at JavaSimpleLinkedListTest.testIndexOf3(JavaSimpleLinkedListTest.java:175)
]]></failure>
  </testcase>
  <testcase name="testIndexOf" classname="JavaSimpleLinkedListTest" time="0"/>
  <testcase name="testRemove" classname="JavaSimpleLinkedListTest" time="0"/>
</testsuite>